2020.12.02 13:34:18 INFO  Started: Metals version 0.9.7 in workspace 'C:\Users\usuario\Desktop\personal\SCALA\EJERCICIOS\ejercicios' for client vscode.
2020.12.02 13:34:18 INFO  time: initialize in 0.4s
2020.12.02 13:34:19 INFO  Attempting to connect to the build server...
2020.12.02 13:34:19 WARN  no build target for: C:\Users\usuario\Desktop\personal\SCALA\EJERCICIOS\ejercicios\src\main\scala\AkkaTheoretical.scala
2020.12.02 13:34:20 INFO  tracing is disabled for protocol BSP, to enable tracing of incoming and outgoing JSON messages create an empty file at C:\Users\usuario\AppData\Local\scalameta\metals\cache\bsp.trace.json
2020.12.02 13:34:22 INFO  no build target: using presentation compiler with only scala-library
2020.12.02 13:35:20 ERROR Timeout waiting for 'build/initialize' response
2020.12.02 13:35:20 WARN  Retrying connection to the build server sbt
2020.12.02 13:35:21 INFO  tracing is disabled for protocol BSP, to enable tracing of incoming and outgoing JSON messages create an empty file at C:\Users\usuario\AppData\Local\scalameta\metals\cache\bsp.trace.json
2020.12.02 13:36:21 ERROR Timeout waiting for 'build/initialize' response
2020.12.02 13:36:21 WARN  Retrying connection to the build server sbt
2020.12.02 13:36:22 INFO  tracing is disabled for protocol BSP, to enable tracing of incoming and outgoing JSON messages create an empty file at C:\Users\usuario\AppData\Local\scalameta\metals\cache\bsp.trace.json
2020.12.02 13:37:22 ERROR Timeout waiting for 'build/initialize' response
2020.12.02 13:37:22 WARN  Retrying connection to the build server sbt
2020.12.02 13:37:23 INFO  tracing is disabled for protocol BSP, to enable tracing of incoming and outgoing JSON messages create an empty file at C:\Users\usuario\AppData\Local\scalameta\metals\cache\bsp.trace.json
2020.12.02 13:38:23 ERROR Timeout waiting for 'build/initialize' response
2020.12.02 13:38:23 WARN  Retrying connection to the build server sbt
2020.12.02 13:38:23 INFO  tracing is disabled for protocol BSP, to enable tracing of incoming and outgoing JSON messages create an empty file at C:\Users\usuario\AppData\Local\scalameta\metals\cache\bsp.trace.json
2020.12.02 13:39:23 ERROR Timeout waiting for 'build/initialize' response
2020.12.02 13:39:23 WARN  Retrying connection to the build server sbt
2020.12.02 13:39:24 INFO  tracing is disabled for protocol BSP, to enable tracing of incoming and outgoing JSON messages create an empty file at C:\Users\usuario\AppData\Local\scalameta\metals\cache\bsp.trace.json
2020.12.02 13:40:24 ERROR Timeout waiting for 'build/initialize' response
2020.12.02 13:40:24 ERROR Failed to connect with build server, no functionality will work.
java.util.concurrent.TimeoutException
	at java.util.concurrent.CompletableFuture.timedGet(CompletableFuture.java:1784)
	at java.util.concurrent.CompletableFuture.get(CompletableFuture.java:1928)
	at scala.meta.internal.metals.BuildServerConnection$.initialize(BuildServerConnection.scala:358)
	at scala.meta.internal.metals.BuildServerConnection$.$anonfun$fromSockets$1(BuildServerConnection.scala:272)
	at scala.util.Success.$anonfun$map$1(Try.scala:255)
	at scala.util.Success.map(Try.scala:213)
	at scala.concurrent.Future.$anonfun$map$1(Future.scala:292)
	at scala.concurrent.impl.Promise.liftedTree1$1(Promise.scala:33)
	at scala.concurrent.impl.Promise.$anonfun$transform$1(Promise.scala:33)
	at scala.concurrent.impl.CallbackRunnable.run(Promise.scala:64)
	at java.util.concurrent.ThreadPoolExecutor.runWorker(ThreadPoolExecutor.java:1149)
	at java.util.concurrent.ThreadPoolExecutor$Worker.run(ThreadPoolExecutor.java:624)
	at java.lang.Thread.run(Thread.java:748)

2020.12.02 13:34:22 INFO  shutting down Metals
2020.12.11 13:57:40 INFO  Started: Metals version 0.9.7 in workspace 'C:\Users\usuario\Desktop\personal\SCALA\EJERCICIOS\ejercicios' for client vscode.
2020.12.11 13:57:40 INFO  time: initialize in 0.4s
2020.12.11 13:57:40 INFO  Attempting to connect to the build server...
2020.12.11 13:57:41 WARN  no build target for: C:\Users\usuario\Desktop\personal\SCALA\EJERCICIOS\ejercicios\src\main\scala\AkkaTheoretical.scala
2020.12.11 13:57:41 INFO  skipping build import with status 'Requested'
2020.12.11 13:57:43 INFO  tracing is disabled for protocol BSP, to enable tracing of incoming and outgoing JSON messages create an empty file at C:\Users\usuario\AppData\Local\scalameta\metals\cache\bsp.trace.json
2020.12.11 13:57:44 INFO  no build target: using presentation compiler with only scala-library
2020.12.11 13:57:47 WARN  no build target for: C:\Users\usuario\Desktop\personal\SCALA\EJERCICIOS\ejercicios\src\main\scala\FinalsExercises.scala
2020.12.11 13:58:01 WARN  no build target for: C:\Users\usuario\Desktop\personal\SCALA\EJERCICIOS\ejercicios\build.sbt
2020.12.11 13:58:43 ERROR Timeout waiting for 'build/initialize' response
2020.12.11 13:58:43 WARN  Retrying connection to the build server sbt
2020.12.11 13:58:43 INFO  tracing is disabled for protocol BSP, to enable tracing of incoming and outgoing JSON messages create an empty file at C:\Users\usuario\AppData\Local\scalameta\metals\cache\bsp.trace.json
2020.12.11 13:59:43 ERROR Timeout waiting for 'build/initialize' response
2020.12.11 13:59:43 WARN  Retrying connection to the build server sbt
2020.12.11 13:59:44 INFO  tracing is disabled for protocol BSP, to enable tracing of incoming and outgoing JSON messages create an empty file at C:\Users\usuario\AppData\Local\scalameta\metals\cache\bsp.trace.json
2020.12.11 14:00:44 ERROR Timeout waiting for 'build/initialize' response
2020.12.11 14:00:44 WARN  Retrying connection to the build server sbt
2020.12.11 14:00:45 INFO  tracing is disabled for protocol BSP, to enable tracing of incoming and outgoing JSON messages create an empty file at C:\Users\usuario\AppData\Local\scalameta\metals\cache\bsp.trace.json
2020.12.11 14:01:45 ERROR Timeout waiting for 'build/initialize' response
2020.12.11 14:01:45 WARN  Retrying connection to the build server sbt
2020.12.11 14:01:47 INFO  tracing is disabled for protocol BSP, to enable tracing of incoming and outgoing JSON messages create an empty file at C:\Users\usuario\AppData\Local\scalameta\metals\cache\bsp.trace.json
2020.12.11 14:02:47 ERROR Timeout waiting for 'build/initialize' response
2020.12.11 14:02:47 WARN  Retrying connection to the build server sbt
2020.12.11 14:02:48 INFO  tracing is disabled for protocol BSP, to enable tracing of incoming and outgoing JSON messages create an empty file at C:\Users\usuario\AppData\Local\scalameta\metals\cache\bsp.trace.json
2020.12.11 14:03:48 ERROR Timeout waiting for 'build/initialize' response
2020.12.11 14:03:48 ERROR Failed to connect with build server, no functionality will work.
java.util.concurrent.TimeoutException
	at java.util.concurrent.CompletableFuture.timedGet(CompletableFuture.java:1784)
	at java.util.concurrent.CompletableFuture.get(CompletableFuture.java:1928)
	at scala.meta.internal.metals.BuildServerConnection$.initialize(BuildServerConnection.scala:358)
	at scala.meta.internal.metals.BuildServerConnection$.$anonfun$fromSockets$1(BuildServerConnection.scala:272)
	at scala.util.Success.$anonfun$map$1(Try.scala:255)
	at scala.util.Success.map(Try.scala:213)
	at scala.concurrent.Future.$anonfun$map$1(Future.scala:292)
	at scala.concurrent.impl.Promise.liftedTree1$1(Promise.scala:33)
	at scala.concurrent.impl.Promise.$anonfun$transform$1(Promise.scala:33)
	at scala.concurrent.impl.CallbackRunnable.run(Promise.scala:64)
	at java.util.concurrent.ThreadPoolExecutor.runWorker(ThreadPoolExecutor.java:1149)
	at java.util.concurrent.ThreadPoolExecutor$Worker.run(ThreadPoolExecutor.java:624)
	at java.lang.Thread.run(Thread.java:748)

2020.12.11 14:18:03 WARN  no build target for: C:\Users\usuario\Desktop\personal\SCALA\EJERCICIOS\ejercicios\src\main\scala\virtual_wallet\WalletRoutes.scala
2020.12.11 14:18:25 WARN  no build target for: C:\Users\usuario\Desktop\personal\SCALA\EJERCICIOS\ejercicios\src\test\scala\ExercisesSpec.scala
2020.12.11 14:18:26 WARN  no build target for: C:\Users\usuario\Desktop\personal\SCALA\EJERCICIOS\ejercicios\src\test\scala\VirtualWalletSpec.scala
2020.12.11 14:22:08 WARN  code navigation does not work for the file 'C:\Users\usuario\Desktop\personal\SCALA\EJERCICIOS\ejercicios\src\test\scala\VirtualWalletSpec.scala' because it doesn't belong to a build target.
2020.12.11 14:22:08 WARN  code navigation does not work for the file 'C:\Users\usuario\Desktop\personal\SCALA\EJERCICIOS\ejercicios\src\test\scala\VirtualWalletSpec.scala' because it doesn't belong to a build target.
2020.12.11 14:22:08 WARN  code navigation does not work for the file 'C:\Users\usuario\Desktop\personal\SCALA\EJERCICIOS\ejercicios\src\test\scala\VirtualWalletSpec.scala' because it doesn't belong to a build target.
2020.12.11 14:22:12 WARN  code navigation does not work for the file 'C:\Users\usuario\Desktop\personal\SCALA\EJERCICIOS\ejercicios\src\test\scala\VirtualWalletSpec.scala' because it doesn't belong to a build target.
2020.12.11 14:22:14 WARN  code navigation does not work for the file 'C:\Users\usuario\Desktop\personal\SCALA\EJERCICIOS\ejercicios\src\test\scala\VirtualWalletSpec.scala' because it doesn't belong to a build target.
2020.12.11 14:22:15 WARN  code navigation does not work for the file 'C:\Users\usuario\Desktop\personal\SCALA\EJERCICIOS\ejercicios\src\test\scala\VirtualWalletSpec.scala' because it doesn't belong to a build target.
2020.12.11 14:22:15 WARN  code navigation does not work for the file 'C:\Users\usuario\Desktop\personal\SCALA\EJERCICIOS\ejercicios\src\test\scala\VirtualWalletSpec.scala' because it doesn't belong to a build target.
2020.12.11 14:22:15 WARN  code navigation does not work for the file 'C:\Users\usuario\Desktop\personal\SCALA\EJERCICIOS\ejercicios\src\test\scala\VirtualWalletSpec.scala' because it doesn't belong to a build target.
2020.12.11 14:22:15 WARN  code navigation does not work for the file 'C:\Users\usuario\Desktop\personal\SCALA\EJERCICIOS\ejercicios\src\test\scala\VirtualWalletSpec.scala' because it doesn't belong to a build target.
2020.12.11 14:22:17 WARN  code navigation does not work for the file 'C:\Users\usuario\Desktop\personal\SCALA\EJERCICIOS\ejercicios\src\test\scala\VirtualWalletSpec.scala' because it doesn't belong to a build target.
2020.12.11 14:22:22 WARN  code navigation does not work for the file 'C:\Users\usuario\Desktop\personal\SCALA\EJERCICIOS\ejercicios\src\test\scala\VirtualWalletSpec.scala' because it doesn't belong to a build target.
2020.12.11 14:28:17 WARN  no build target for: C:\Users\usuario\Desktop\personal\SCALA\EJERCICIOS\ejercicios\src\test\scala\VirtualWalletSpec.scala
2020.12.11 14:34:51 WARN  no build target for: C:\Users\usuario\Desktop\personal\SCALA\EJERCICIOS\ejercicios\src\test\scala\VirtualWalletSpec.scala
2020.12.11 14:53:41 WARN  no build target for: C:\Users\usuario\Desktop\personal\SCALA\EJERCICIOS\ejercicios\src\main\scala\main.scala
2020.12.11 14:54:27 WARN  no build target for: C:\Users\usuario\Desktop\personal\SCALA\EJERCICIOS\ejercicios\src\main\scala\virtual_wallet\WalletJsonFormats.scala
2020.12.11 14:54:33 WARN  no build target for: C:\Users\usuario\Desktop\personal\SCALA\EJERCICIOS\ejercicios\src\main\scala\FinalsExercises.scala
2020.12.11 14:55:49 WARN  no build target for: C:\Users\usuario\Desktop\personal\SCALA\EJERCICIOS\ejercicios\src\main\scala\virtual_wallet\VirtualWallet.scala
2020.12.11 14:56:14 WARN  no build target for: C:\Users\usuario\Desktop\personal\SCALA\EJERCICIOS\ejercicios\src\main\scala\virtual_wallet\WalletRoutes.scala
2020.12.11 14:56:19 WARN  no build target for: C:\Users\usuario\Desktop\personal\SCALA\EJERCICIOS\ejercicios\src\main\scala\Collections.scala
2020.12.11 14:59:20 WARN  no build target for: C:\Users\usuario\Desktop\personal\SCALA\EJERCICIOS\ejercicios\src\main\scala\DDD_Theoretical.scala
2020.12.11 14:59:20 WARN  no build target for: C:\Users\usuario\Desktop\personal\SCALA\EJERCICIOS\ejercicios\src\main\scala\FinalsExercises.scala
2021.01.18 16:35:09 INFO  Started: Metals version 0.9.8 in workspace 'C:\Users\usuario\Desktop\personal\SCALA\EJERCICIOS\ejercicios' for client vscode.
2021.01.18 16:35:09 INFO  time: initialize in 0.4s
2021.01.18 16:35:14 INFO  Attempting to connect to the build server...
2021.01.18 16:35:14 WARN  no build target for: C:\Users\usuario\Desktop\personal\SCALA\EJERCICIOS\ejercicios\src\main\scala\AkkaTheoretical.scala
2021.01.18 16:35:14 INFO  skipping build import with status 'Requested'
Starting the bsp launcher for bloop...
Opening a bsp server connection with 'bsp --protocol tcp --port 31254'...
Waiting for the bsp connection to come up...
Waiting for the bsp connection to come up...
Waiting for the bsp connection to come up...
2021.01.18 16:35:17 INFO  no build target: using presentation compiler with only scala-library
Jan 18, 2021 4:35:18 PM org.eclipse.lsp4j.jsonrpc.RemoteEndpoint handleCancellation
WARNING: Unmatched cancel notification for request id 4
Jan 18, 2021 4:35:18 PM org.eclipse.lsp4j.jsonrpc.RemoteEndpoint handleCancellation
WARNING: Unmatched cancel notification for request id 2
2021.01.18 16:35:17 WARN  no build target for: C:\Users\usuario\Desktop\personal\SCALA\EJERCICIOS\ejercicios\src\main\scala\Collections.scala
Waiting for the bsp connection to come up...
Waiting for the bsp connection to come up...
Waiting for the bsp connection to come up...
Waiting for the bsp connection to come up...
Waiting for the bsp connection to come up...
No server running at 127.0.0.1:8212, let's fire one...
Resolving ch.epfl.scala:bloop-frontend_2.12:1.4.6-15-209c2a5c...
Starting bloop server at 127.0.0.1:8212...
Attempting a connection to the server...
[0m[32m[D][0m Waiting for a connection at 127.0.0.1:31254...
The server is listening for incoming connections at tcp://127.0.0.1:31254...
Starting thread that pumps stdin and redirects it to the bsp server...
Starting thread that pumps server stdout and redirects it to the client stdout...
2021.01.18 16:35:25 INFO  tracing is disabled for protocol BSP, to enable tracing of incoming and outgoing JSON messages create an empty file at C:\Users\usuario\AppData\Local\scalameta\metals\cache\bsp.trace.json
2021.01.18 16:35:26 INFO  time: connected to build server in 11s
2021.01.18 16:35:26 INFO  Connected to Build server v1.4.6-15-209c2a5c
2021.01.18 16:35:26 ERROR Empty build targets. Expected at least one build target identifier.
2021.01.18 16:35:26 ERROR Empty build targets. Expected at least one build target identifier.
2021.01.18 16:35:26 ERROR Empty build targets. Expected at least one build target identifier.
2021.01.18 16:35:27 INFO  time: indexed workspace in 0.56s
2021.01.18 16:35:26 WARN  no build target for: C:\Users\usuario\Desktop\personal\SCALA\EJERCICIOS\ejercicios\src\main\scala\Collections.scala
2021.01.18 16:35:42 WARN  no build target for: C:\Users\usuario\Desktop\personal\SCALA\EJERCICIOS\ejercicios\src\main\scala\ScalaBestPractices.scala
2021.01.18 17:00:57 WARN  no build target for: C:\Users\usuario\Desktop\personal\SCALA\EJERCICIOS\ejercicios\src\main\scala\FinalsExercises.scala
2021.01.18 17:42:55 INFO  shutting down Metals
2021.01.18 17:42:55 INFO  Shut down connection with build server.
No more data in the client stdin, exiting...
No more data in the server stdin, exiting...
2021.01.19 11:18:54 INFO  Started: Metals version 0.9.8 in workspace 'C:\Users\usuario\Desktop\personal\SCALA\EJERCICIOS\ejercicios' for client vscode.
2021.01.19 11:18:55 INFO  time: initialize in 0.37s
2021.01.19 11:18:54 INFO  Attempting to connect to the build server...
2021.01.19 11:18:55 WARN  no build target for: C:\Users\usuario\Desktop\personal\SCALA\EJERCICIOS\ejercicios\src\main\scala\FinalsExercises.scala
2021.01.19 11:18:55 INFO  skipping build import with status 'Requested'
Starting the bsp launcher for bloop...
Opening a bsp server connection with 'bsp --protocol tcp --port 24687'...
Waiting for the bsp connection to come up...
Waiting for the bsp connection to come up...
2021.01.19 11:18:58 INFO  no build target: using presentation compiler with only scala-library
Jan 19, 2021 11:18:58 AM org.eclipse.lsp4j.jsonrpc.RemoteEndpoint handleCancellation
WARNING: Unmatched cancel notification for request id 2
Waiting for the bsp connection to come up...
Waiting for the bsp connection to come up...
Waiting for the bsp connection to come up...
Waiting for the bsp connection to come up...
Waiting for the bsp connection to come up...
No server running at 127.0.0.1:8212, let's fire one...
Resolving ch.epfl.scala:bloop-frontend_2.12:1.4.6-15-209c2a5c...
Starting bloop server at 127.0.0.1:8212...
Attempting a connection to the server...
[0m[32m[D][0m Waiting for a connection at 127.0.0.1:24687...
The server is listening for incoming connections at tcp://127.0.0.1:24687...
Starting thread that pumps stdin and redirects it to the bsp server...
Starting thread that pumps server stdout and redirects it to the client stdout...
2021.01.19 11:19:04 INFO  tracing is disabled for protocol BSP, to enable tracing of incoming and outgoing JSON messages create an empty file at C:\Users\usuario\AppData\Local\scalameta\metals\cache\bsp.trace.json
2021.01.19 11:19:04 INFO  time: connected to build server in 9.76s
2021.01.19 11:19:04 INFO  Connected to Build server v1.4.6-15-209c2a5c
2021.01.19 11:19:05 ERROR Empty build targets. Expected at least one build target identifier.
2021.01.19 11:19:05 ERROR Empty build targets. Expected at least one build target identifier.
2021.01.19 11:19:05 ERROR Empty build targets. Expected at least one build target identifier.
2021.01.19 11:19:05 INFO  time: indexed workspace in 0.33s
2021.01.19 11:19:05 WARN  no build target for: C:\Users\usuario\Desktop\personal\SCALA\EJERCICIOS\ejercicios\src\main\scala\FinalsExercises.scala
2021.01.19 11:19:09 WARN  no build target for: C:\Users\usuario\Desktop\personal\SCALA\EJERCICIOS\ejercicios\src\main\scala\main.scala
something's wrong: no file:///C:/Users/usuario/Desktop/personal/SCALA/EJERCICIOS/ejercicios/src/main/scala/main.scala in Ordering[Main.Jugador]RangePosition(file:///C:/Users/usuario/Desktop/personal/SCALA/EJERCICIOS/ejercicios/src/main/scala/main.scala, 13914, 13914, 13931)
something's wrong: no file:///C:/Users/usuario/Desktop/personal/SCALA/EJERCICIOS/ejercicios/src/main/scala/main.scala in scala.collection.immutable.SortedSet[Main.Jugador]RangePosition(file:///C:/Users/usuario/Desktop/personal/SCALA/EJERCICIOS/ejercicios/src/main/scala/main.scala, 13578, 13578, 13596)
2021.01.19 14:35:23 WARN  no build target for: C:\Users\usuario\Desktop\personal\SCALA\EJERCICIOS\ejercicios\src\main\scala\AkkaTheoretical.scala
2021.01.19 14:35:23 WARN  no build target for: C:\Users\usuario\Desktop\personal\SCALA\EJERCICIOS\ejercicios\src\main\scala\Collections.scala
2021.01.19 14:35:30 WARN  no build target for: C:\Users\usuario\Desktop\personal\SCALA\EJERCICIOS\ejercicios\src\main\scala\FinalsExercises.scala
2021.01.19 14:35:38 WARN  no build target for: C:\Users\usuario\Desktop\personal\SCALA\EJERCICIOS\ejercicios\src\main\scala\virtual_wallet\Entity.scala
2021.01.19 15:09:42 INFO  shutting down Metals
No more data in the client stdin, exiting...
No more data in the server stdin, exiting...
2021.01.19 20:45:07 INFO  Started: Metals version 0.9.8 in workspace 'C:\Users\usuario\Desktop\personal\SCALA\EJERCICIOS\ejercicios' for client vscode.
2021.01.19 20:45:07 INFO  time: initialize in 0.39s
2021.01.19 20:45:07 INFO  Attempting to connect to the build server...
2021.01.19 20:45:08 WARN  no build target for: C:\Users\usuario\Desktop\personal\SCALA\EJERCICIOS\ejercicios\src\main\scala\virtual_wallet\Entity.scala
2021.01.19 20:45:07 INFO  skipping build import with status 'Requested'
Starting the bsp launcher for bloop...
Opening a bsp server connection with 'bsp --protocol tcp --port 44694'...
Waiting for the bsp connection to come up...
[0m[32m[D][0m Waiting for a connection at 127.0.0.1:44694...
The server is listening for incoming connections at tcp://127.0.0.1:44694...
Starting thread that pumps stdin and redirects it to the bsp server...
Starting thread that pumps server stdout and redirects it to the client stdout...
2021.01.19 20:45:10 INFO  tracing is disabled for protocol BSP, to enable tracing of incoming and outgoing JSON messages create an empty file at C:\Users\usuario\AppData\Local\scalameta\metals\cache\bsp.trace.json
2021.01.19 20:45:10 INFO  time: connected to build server in 1.99s
2021.01.19 20:45:10 INFO  Connected to Build server v1.4.6-15-209c2a5c
2021.01.19 20:45:10 ERROR Empty build targets. Expected at least one build target identifier.
2021.01.19 20:45:10 ERROR Empty build targets. Expected at least one build target identifier.
2021.01.19 20:45:10 ERROR Empty build targets. Expected at least one build target identifier.
2021.01.19 20:45:12 INFO  no build target: using presentation compiler with only scala-library
2021.01.19 20:45:12 INFO  time: indexed workspace in 2.08s
2021.01.19 20:45:12 WARN  no build target for: C:\Users\usuario\Desktop\personal\SCALA\EJERCICIOS\ejercicios\src\main\scala\virtual_wallet\Entity.scala
2021.01.19 20:45:44 WARN  no build target for: C:\Users\usuario\Desktop\personal\SCALA\EJERCICIOS\ejercicios\src\main\scala\virtual_wallet\WalletActor.scala
2021.01.19 20:45:44 WARN  no build target for: C:\Users\usuario\Desktop\personal\SCALA\EJERCICIOS\ejercicios\src\main\scala\virtual_wallet\WalletRoutes.scala
2021.01.19 20:45:50 WARN  no build target for: C:\Users\usuario\Desktop\personal\SCALA\EJERCICIOS\ejercicios\src\main\scala\virtual_wallet\WalletJsonFormats.scala
2021.01.19 20:45:50 WARN  no build target for: C:\Users\usuario\Desktop\personal\SCALA\EJERCICIOS\ejercicios\src\main\scala\virtual_wallet\WalletActor.scala
2021.01.19 20:45:52 WARN  no build target for: C:\Users\usuario\Desktop\personal\SCALA\EJERCICIOS\ejercicios\src\main\scala\virtual_wallet\VirtualWallet.scala
2021.01.19 20:45:55 WARN  no build target for: C:\Users\usuario\Desktop\personal\SCALA\EJERCICIOS\ejercicios\src\main\scala\virtual_wallet\WalletActor.scala
2021.01.19 22:06:26 INFO  shutting down Metals
2021.01.19 22:06:26 INFO  Shut down connection with build server.
No more data in the client stdin, exiting...
No more data in the server stdin, exiting...
[0m2021.01.20 09:19:01 INFO  Started: Metals version 0.9.10 in workspace 'C:\Users\usuario\Desktop\personal\SCALA\EJERCICIOS\ejercicios' for client vscode 1.52.1.[0m
[0m2021.01.20 09:19:01 INFO  time: initialize in 0.37s[0m
[0m2021.01.20 09:19:01 WARN  resetting database: C:\Users\usuario\Desktop\personal\SCALA\EJERCICIOS\ejercicios\.metals\metals.h2.db[0m
[0m2021.01.20 09:19:02 INFO  Attempting to connect to the build server...[0m
Starting the bsp launcher for bloop...
Opening a bsp server connection with 'bsp --protocol tcp --port 43620'...
Waiting for the bsp connection to come up...
[0m[32m[D][0m Waiting for a connection at 127.0.0.1:43620...
The server is listening for incoming connections at tcp://127.0.0.1:43620...
Starting thread that pumps stdin and redirects it to the bsp server...
Starting thread that pumps server stdout and redirects it to the client stdout...
[0m2021.01.20 09:19:04 INFO  tracing is disabled for protocol BSP, to enable tracing of incoming and outgoing JSON messages create an empty file at C:\Users\usuario\AppData\Local\scalameta\metals\cache\bsp.trace.json[0m
[0m2021.01.20 09:19:04 INFO  time: connected to build server in 1.85s[0m
[0m2021.01.20 09:19:04 INFO  Connected to Build server v1.4.6-15-209c2a5c[0m
[0m2021.01.20 09:19:04 ERROR Empty build targets. Expected at least one build target identifier.[0m
[0m2021.01.20 09:19:04 ERROR Empty build targets. Expected at least one build target identifier.[0m
[0m2021.01.20 09:19:04 ERROR Empty build targets. Expected at least one build target identifier.[0m
[0m2021.01.20 09:19:06 INFO  no build target: using presentation compiler with only scala-library[0m
[0m2021.01.20 09:19:09 WARN  no build target for: C:\Users\usuario\Desktop\personal\SCALA\EJERCICIOS\ejercicios\src\main\scala\virtual_wallet\WalletActor.scala[0m
[0m2021.01.20 09:19:09 INFO  time: indexed workspace in 5.67s[0m
[0m2021.01.20 09:19:09 WARN  no build target for: C:\Users\usuario\Desktop\personal\SCALA\EJERCICIOS\ejercicios\src\main\scala\virtual_wallet\WalletActor.scala[0m
[0m2021.01.20 09:20:21 INFO  shutting down Metals[0m
[0m2021.01.20 09:20:21 INFO  Shut down connection with build server.[0m
No more data in the client stdin, exiting...
No more data in the server stdin, exiting...
[0m2021.01.21 12:09:24 INFO  Started: Metals version 0.9.10 in workspace 'C:\Users\usuario\Desktop\personal\SCALA\EJERCICIOS\ejercicios' for client vscode 1.52.1.[0m
[0m2021.01.21 12:09:25 INFO  time: initialize in 0.41s[0m
[0m2021.01.21 12:09:24 INFO  Attempting to connect to the build server...[0m
[0m2021.01.21 12:09:25 INFO  skipping build import with status 'Requested'[0m
Starting the bsp launcher for bloop...
Opening a bsp server connection with 'bsp --protocol tcp --port 21482'...
Waiting for the bsp connection to come up...
Waiting for the bsp connection to come up...
Waiting for the bsp connection to come up...
Waiting for the bsp connection to come up...
[0m2021.01.21 12:09:30 INFO  no build target: using presentation compiler with only scala-library[0m
Waiting for the bsp connection to come up...
Waiting for the bsp connection to come up...
Waiting for the bsp connection to come up...
Waiting for the bsp connection to come up...
[0m2021.01.21 12:09:34 WARN  no build target for: C:\Users\usuario\Desktop\personal\SCALA\EJERCICIOS\ejercicios\src\main\scala\virtual_wallet\WalletActor.scala[0m
Waiting for the bsp connection to come up...
Waiting for the bsp connection to come up...
No server running at 127.0.0.1:8212, let's fire one...
Resolving ch.epfl.scala:bloop-frontend_2.12:1.4.6-21-464e4ec4...
Starting bloop server at 127.0.0.1:8212...
Attempting a connection to the server...
[0m[32m[D][0m Waiting for a connection at 127.0.0.1:21482...
The server is listening for incoming connections at tcp://127.0.0.1:21482...
Starting thread that pumps stdin and redirects it to the bsp server...
Starting thread that pumps server stdout and redirects it to the client stdout...
[0m2021.01.21 12:09:38 INFO  tracing is disabled for protocol BSP, to enable tracing of incoming and outgoing JSON messages create an empty file at C:\Users\usuario\AppData\Local\scalameta\metals\cache\bsp.trace.json[0m
[0m2021.01.21 12:09:38 INFO  time: connected to build server in 13s[0m
[0m2021.01.21 12:09:38 INFO  Connected to Build server v1.4.6-21-464e4ec4[0m
[0m2021.01.21 12:09:39 ERROR Empty build targets. Expected at least one build target identifier.[0m
[0m2021.01.21 12:09:39 ERROR Empty build targets. Expected at least one build target identifier.[0m
[0m2021.01.21 12:09:39 ERROR Empty build targets. Expected at least one build target identifier.[0m
[0m2021.01.21 12:09:39 INFO  time: indexed workspace in 0.5s[0m
[0m2021.01.21 12:09:39 WARN  no build target for: C:\Users\usuario\Desktop\personal\SCALA\EJERCICIOS\ejercicios\src\main\scala\virtual_wallet\WalletActor.scala[0m
[0m2021.01.21 12:09:46 WARN  no build target for: C:\Users\usuario\Desktop\personal\SCALA\EJERCICIOS\ejercicios\src\main\scala\MoreExercises.scala[0m
[0m2021.01.21 12:09:48 WARN  no build target for: C:\Users\usuario\Desktop\personal\SCALA\EJERCICIOS\ejercicios\src\main\scala\FinalsExercises.scala[0m
Jan 21, 2021 12:09:48 PM org.eclipse.lsp4j.jsonrpc.RemoteEndpoint handleCancellation
WARNING: Unmatched cancel notification for request id 12
[0m2021.01.21 12:09:52 WARN  no build target for: C:\Users\usuario\Desktop\personal\SCALA\EJERCICIOS\ejercicios\src\main\scala\ScalaBestPractices.scala[0m
[0m2021.01.21 12:09:54 WARN  no build target for: C:\Users\usuario\Desktop\personal\SCALA\EJERCICIOS\ejercicios\src\main\scala\MoreExercises.scala[0m
[0m2021.01.21 12:09:57 WARN  no build target for: C:\Users\usuario\Desktop\personal\SCALA\EJERCICIOS\ejercicios\src\main\scala\AkkaTheoretical.scala[0m
[0m2021.01.21 12:09:57 WARN  no build target for: C:\Users\usuario\Desktop\personal\SCALA\EJERCICIOS\ejercicios\src\main\scala\Collections.scala[0m
[0m2021.01.21 12:09:57 WARN  no build target for: C:\Users\usuario\Desktop\personal\SCALA\EJERCICIOS\ejercicios\src\main\scala\DDD_Theoretical.scala[0m
[0m2021.01.21 12:09:59 WARN  no build target for: C:\Users\usuario\Desktop\personal\SCALA\EJERCICIOS\ejercicios\src\main\scala\FinalsExercises.scala[0m
[0m2021.01.21 12:10:01 WARN  no build target for: C:\Users\usuario\Desktop\personal\SCALA\EJERCICIOS\ejercicios\src\main\scala\main.scala[0m
Jan 21, 2021 12:10:01 PM org.eclipse.lsp4j.jsonrpc.RemoteEndpoint handleCancellation
WARNING: Unmatched cancel notification for request id 45
[0m2021.01.22 01:19:04 INFO  shutting down Metals[0m
No more data in the client stdin, exiting...
No more data in the server stdin, exiting...
Jan 22, 2021 1:19:04 AM org.eclipse.lsp4j.jsonrpc.RemoteEndpoint notify
INFO: Failed to send notification message.
org.eclipse.lsp4j.jsonrpc.JsonRpcException: java.nio.channels.ClosedChannelException
	at org.eclipse.lsp4j.jsonrpc.json.StreamMessageConsumer.consume(StreamMessageConsumer.java:72)
	at org.eclipse.lsp4j.jsonrpc.RemoteEndpoint.notify(RemoteEndpoint.java:126)
	at org.eclipse.lsp4j.jsonrpc.services.EndpointProxy.invoke(EndpointProxy.java:88)
	at com.sun.proxy.$Proxy8.onBuildExit(Unknown Source)
	at scala.meta.internal.metals.BuildServerConnection.$anonfun$shutdown$1(BuildServerConnection.scala:82)
	at scala.meta.internal.metals.BuildServerConnection.$anonfun$shutdown$1$adapted(BuildServerConnection.scala:78)
	at scala.util.Success.$anonfun$map$1(Try.scala:255)
	at scala.util.Success.map(Try.scala:213)
	at scala.concurrent.Future.$anonfun$map$1(Future.scala:292)
	at scala.concurrent.impl.Promise.liftedTree1$1(Promise.scala:33)
	at scala.concurrent.impl.Promise.$anonfun$transform$1(Promise.scala:33)
	at scala.concurrent.impl.CallbackRunnable.run(Promise.scala:64)
	at java.util.concurrent.ThreadPoolExecutor.runWorker(ThreadPoolExecutor.java:1149)
	at java.util.concurrent.ThreadPoolExecutor$Worker.run(ThreadPoolExecutor.java:624)
	at java.lang.Thread.run(Thread.java:748)
Caused by: java.nio.channels.ClosedChannelException
	at sun.nio.ch.SocketChannelImpl.ensureWriteOpen(SocketChannelImpl.java:267)
	at sun.nio.ch.SocketChannelImpl.write(SocketChannelImpl.java:458)
	at sun.nio.ch.SinkChannelImpl.write(SinkChannelImpl.java:114)
	at java.nio.channels.Channels.writeFullyImpl(Channels.java:78)
	at java.nio.channels.Channels.writeFully(Channels.java:98)
	at java.nio.channels.Channels.access$000(Channels.java:61)
	at java.nio.channels.Channels$1.write(Channels.java:174)
	at java.io.OutputStream.write(OutputStream.java:75)
	at java.nio.channels.Channels$1.write(Channels.java:155)
	at scala.meta.internal.metals.ClosableOutputStream.write(ClosableOutputStream.scala:26)
	at java.io.FilterOutputStream.write(FilterOutputStream.java:125)
	at java.io.FilterOutputStream.write(FilterOutputStream.java:97)
	at org.eclipse.lsp4j.jsonrpc.json.StreamMessageConsumer.consume(StreamMessageConsumer.java:67)
	... 14 more

[0m2021.01.22 01:19:04 INFO  Shut down connection with build server.[0m
[0m2021.01.26 14:21:17 INFO  Started: Metals version 0.9.10 in workspace 'C:\Users\usuario\Desktop\personal\SCALA\EJERCICIOS\ejercicios' for client vscode 1.52.1.[0m
[0m2021.01.26 14:21:18 INFO  time: initialize in 0.38s[0m
[0m2021.01.26 14:21:17 INFO  Attempting to connect to the build server...[0m
[0m2021.01.26 14:21:18 INFO  skipping build import with status 'Requested'[0m
Starting the bsp launcher for bloop...
Opening a bsp server connection with 'bsp --protocol tcp --port 35432'...
Waiting for the bsp connection to come up...
Waiting for the bsp connection to come up...
Waiting for the bsp connection to come up...
Waiting for the bsp connection to come up...
[0m2021.01.26 14:21:22 INFO  no build target: using presentation compiler with only scala-library[0m
Waiting for the bsp connection to come up...
Waiting for the bsp connection to come up...
[0m2021.01.26 14:21:24 WARN  no build target for: C:\Users\usuario\Desktop\personal\SCALA\EJERCICIOS\ejercicios\src\main\scala\AkkaTheoretical.scala[0m
Waiting for the bsp connection to come up...
Waiting for the bsp connection to come up...
No server running at 127.0.0.1:8212, let's fire one...
Resolving ch.epfl.scala:bloop-frontend_2.12:1.4.6-21-464e4ec4...
Starting bloop server at 127.0.0.1:8212...
Attempting a connection to the server...
[0m[32m[D][0m Waiting for a connection at 127.0.0.1:35432...
The server is listening for incoming connections at tcp://127.0.0.1:35432...
Starting thread that pumps stdin and redirects it to the bsp server...
Starting thread that pumps server stdout and redirects it to the client stdout...
[0m2021.01.26 14:21:28 INFO  tracing is disabled for protocol BSP, to enable tracing of incoming and outgoing JSON messages create an empty file at C:\Users\usuario\AppData\Local\scalameta\metals\cache\bsp.trace.json[0m
[0m2021.01.26 14:21:28 INFO  time: connected to build server in 10s[0m
[0m2021.01.26 14:21:28 INFO  Connected to Build server v1.4.6-21-464e4ec4[0m
[0m2021.01.26 14:21:29 ERROR Empty build targets. Expected at least one build target identifier.[0m
[0m2021.01.26 14:21:29 ERROR Empty build targets. Expected at least one build target identifier.[0m
[0m2021.01.26 14:21:29 ERROR Empty build targets. Expected at least one build target identifier.[0m
[0m2021.01.26 14:21:29 INFO  time: indexed workspace in 0.4s[0m
[0m2021.01.26 14:21:29 WARN  no build target for: C:\Users\usuario\Desktop\personal\SCALA\EJERCICIOS\ejercicios\src\main\scala\AkkaTheoretical.scala[0m
[0m2021.01.26 14:44:17 WARN  no build target for: C:\Users\usuario\Desktop\personal\SCALA\EJERCICIOS\ejercicios\src\main\scala\ScalaBestPractices.scala[0m
[0m2021.01.26 14:44:18 WARN  no build target for: C:\Users\usuario\Desktop\personal\SCALA\EJERCICIOS\ejercicios\src\main\scala\Soup.scala[0m
[0m2021.01.26 14:44:21 WARN  no build target for: C:\Users\usuario\Desktop\personal\SCALA\EJERCICIOS\ejercicios\src\main\scala\main.scala[0m
Jan 26, 2021 2:44:21 PM org.eclipse.lsp4j.jsonrpc.RemoteEndpoint handleCancellation
WARNING: Unmatched cancel notification for request id 81
[0m2021.01.26 14:44:24 WARN  no build target for: C:\Users\usuario\Desktop\personal\SCALA\EJERCICIOS\ejercicios\src\main\scala\FinalsExercises.scala[0m
Jan 26, 2021 2:44:24 PM org.eclipse.lsp4j.jsonrpc.RemoteEndpoint handleCancellation
WARNING: Unmatched cancel notification for request id 90
[0m2021.01.26 14:44:29 WARN  no build target for: C:\Users\usuario\Desktop\personal\SCALA\EJERCICIOS\ejercicios\src\main\scala\MoreExercises.scala[0m
something's wrong: no file:///C:/Users/usuario/Desktop/personal/SCALA/EJERCICIOS/ejercicios/src/main/scala/MoreExercises.scala in Array[Long]RangePosition(file:///C:/Users/usuario/Desktop/personal/SCALA/EJERCICIOS/ejercicios/src/main/scala/MoreExercises.scala, 816, 816, 827)
[0m2021.01.26 14:55:46 WARN  no build target for: C:\Users\usuario\Desktop\personal\SCALA\EJERCICIOS\ejercicios\src\main\scala\MoreExercises.scala[0m
[0m2021.01.26 17:14:45 INFO  shutting down Metals[0m
No more data in the client stdin, exiting...
No more data in the server stdin, exiting...
[0m2021.01.27 09:08:01 INFO  Started: Metals version 0.9.10 in workspace 'C:\Users\usuario\Desktop\personal\SCALA\EJERCICIOS\ejercicios' for client vscode 1.52.1.[0m
[0m2021.01.27 09:08:02 INFO  time: initialize in 0.37s[0m
[0m2021.01.27 09:08:01 INFO  Attempting to connect to the build server...[0m
[0m2021.01.27 09:08:02 INFO  skipping build import with status 'Requested'[0m
Starting the bsp launcher for bloop...
Opening a bsp server connection with 'bsp --protocol tcp --port 21721'...
Waiting for the bsp connection to come up...
Waiting for the bsp connection to come up...
Waiting for the bsp connection to come up...
Waiting for the bsp connection to come up...
[0m2021.01.27 09:08:07 INFO  no build target: using presentation compiler with only scala-library[0m
Waiting for the bsp connection to come up...
Waiting for the bsp connection to come up...
Waiting for the bsp connection to come up...
No server running at 127.0.0.1:8212, let's fire one...
Resolving ch.epfl.scala:bloop-frontend_2.12:1.4.6-21-464e4ec4...
Starting bloop server at 127.0.0.1:8212...
Attempting a connection to the server...
[0m[32m[D][0m Waiting for a connection at 127.0.0.1:21721...
The server is listening for incoming connections at tcp://127.0.0.1:21721...
Starting thread that pumps stdin and redirects it to the bsp server...
Starting thread that pumps server stdout and redirects it to the client stdout...
[0m2021.01.27 09:08:11 WARN  no build target for: C:\Users\usuario\Desktop\personal\SCALA\EJERCICIOS\ejercicios\src\main\scala\MoreExercises.scala[0m
[0m2021.01.27 09:08:11 INFO  tracing is disabled for protocol BSP, to enable tracing of incoming and outgoing JSON messages create an empty file at C:\Users\usuario\AppData\Local\scalameta\metals\cache\bsp.trace.json[0m
[0m2021.01.27 09:08:11 INFO  time: connected to build server in 9.68s[0m
[0m2021.01.27 09:08:11 INFO  Connected to Build server v1.4.6-21-464e4ec4[0m
[0m2021.01.27 09:08:12 ERROR Empty build targets. Expected at least one build target identifier.[0m
[0m2021.01.27 09:08:12 ERROR Empty build targets. Expected at least one build target identifier.[0m
[0m2021.01.27 09:08:12 ERROR Empty build targets. Expected at least one build target identifier.[0m
[0m2021.01.27 09:08:12 INFO  time: indexed workspace in 0.33s[0m
[0m2021.01.27 09:08:12 WARN  no build target for: C:\Users\usuario\Desktop\personal\SCALA\EJERCICIOS\ejercicios\src\main\scala\MoreExercises.scala[0m
[0m2021.01.27 15:06:10 INFO  shutting down Metals[0m
No more data in the client stdin, exiting...
No more data in the server stdin, exiting...
